INFO: [VRFC 10-2263] Analyzing Verilog file "C:/Users/NTH417/Desktop/project_4/project_4.srcs/sources_1/new/Binary_5bit_Adder.v" into library xil_defaultlib
INFO: [VRFC 10-311] analyzing module Binary_5bit_Adder
INFO: [VRFC 10-2263] Analyzing Verilog file "C:/Users/NTH417/Desktop/project_4/project_4.srcs/sources_1/new/Binary_5bit_Modulus.v" into library xil_defaultlib
INFO: [VRFC 10-311] analyzing module Binary_5bit_Modulus
INFO: [VRFC 10-2263] Analyzing Verilog file "C:/Users/NTH417/Desktop/project_4/project_4.srcs/sources_1/new/Binary_5bit_Subtractor.v" into library xil_defaultlib
INFO: [VRFC 10-311] analyzing module Binary_5bit_Subtractor
INFO: [VRFC 10-2263] Analyzing Verilog file "C:/Users/NTH417/Desktop/project_4/project_4.srcs/sources_1/new/Full_Adder.v" into library xil_defaultlib
INFO: [VRFC 10-311] analyzing module Full_Adder
INFO: [VRFC 10-2263] Analyzing Verilog file "C:/Users/NTH417/Desktop/project_4/project_4.srcs/sources_1/new/Full_Subtractor.v" into library xil_defaultlib
INFO: [VRFC 10-311] analyzing module Full_Subtractor
INFO: [VRFC 10-2263] Analyzing Verilog file "C:/Users/NTH417/Desktop/project_4/project_4.srcs/sources_1/new/Tfunction1_V2.v" into library xil_defaultlib
INFO: [VRFC 10-311] analyzing module Tfunction1_V2
INFO: [VRFC 10-2263] Analyzing Verilog file "C:/Users/NTH417/Desktop/project_4/project_4.srcs/sources_1/new/Tfunction2_V2.v" into library xil_defaultlib
INFO: [VRFC 10-311] analyzing module Tfunction2_V2
INFO: [VRFC 10-2263] Analyzing Verilog file "C:/Users/NTH417/Desktop/project_4/project_4.srcs/sources_1/new/Turning_Function_1.v" into library xil_defaultlib
INFO: [VRFC 10-311] analyzing module Turning_Function_1
INFO: [VRFC 10-2263] Analyzing Verilog file "C:/Users/NTH417/Desktop/project_4/project_4.srcs/sources_1/new/Turning_Function_2.v" into library xil_defaultlib
INFO: [VRFC 10-311] analyzing module Turning_Function_2
INFO: [VRFC 10-2458] undeclared symbol borrow_xor_carry, assumed default net type wire [C:/Users/NTH417/Desktop/project_4/project_4.srcs/sources_1/new/Turning_Function_2.v:36]
INFO: [VRFC 10-2263] Analyzing Verilog file "C:/Users/NTH417/Desktop/project_4/project_4.srcs/sources_1/new/Turning_Function_3.v" into library xil_defaultlib
INFO: [VRFC 10-311] analyzing module Turning_Function_3
INFO: [VRFC 10-2263] Analyzing Verilog file "C:/Users/NTH417/Desktop/project_4/project_4.srcs/sources_1/new/Turntable1.v" into library xil_defaultlib
INFO: [VRFC 10-311] analyzing module Turntable1
INFO: [VRFC 10-2263] Analyzing Verilog file "C:/Users/NTH417/Desktop/project_4/project_4.srcs/sources_1/new/Turntable2.v" into library xil_defaultlib
INFO: [VRFC 10-311] analyzing module Turntable2
INFO: [VRFC 10-2263] Analyzing Verilog file "C:/Users/NTH417/Desktop/project_4/project_4.srcs/sources_1/new/Turntable3.v" into library xil_defaultlib
INFO: [VRFC 10-311] analyzing module Turntable3
INFO: [VRFC 10-2263] Analyzing Verilog file "C:/Users/NTH417/Desktop/project_4/project_4.srcs/sources_1/new/counter_74163.v" into library xil_defaultlib
INFO: [VRFC 10-311] analyzing module counter_74163
INFO: [VRFC 10-2263] Analyzing Verilog file "C:/Users/NTH417/Desktop/project_4/project_4.srcs/sources_1/new/reflextable.v" into library xil_defaultlib
INFO: [VRFC 10-311] analyzing module reflextable
INFO: [VRFC 10-2263] Analyzing Verilog file "C:/Users/NTH417/Desktop/project_4/project_4.srcs/sources_1/new/reverse1.v" into library xil_defaultlib
INFO: [VRFC 10-311] analyzing module reverse1
INFO: [VRFC 10-2263] Analyzing Verilog file "C:/Users/NTH417/Desktop/project_4/project_4.srcs/sources_1/new/reverse2.v" into library xil_defaultlib
INFO: [VRFC 10-311] analyzing module reverse2
INFO: [VRFC 10-2263] Analyzing Verilog file "C:/Users/NTH417/Desktop/project_4/project_4.srcs/sources_1/new/reverse3.v" into library xil_defaultlib
INFO: [VRFC 10-311] analyzing module reverse3
INFO: [VRFC 10-2263] Analyzing Verilog file "C:/Users/NTH417/Desktop/project_4/project_4.srcs/sim_1/new/tb_Enigma.v" into library xil_defaultlib
INFO: [VRFC 10-311] analyzing module tb_Enigma
