#-----------------------------------------------------------
# Vivado v2018.3 (64-bit)
# SW Build 2405991 on Thu Dec  6 23:38:27 MST 2018
# IP Build 2404404 on Fri Dec  7 01:43:56 MST 2018
# Start of session at: Tue Sep 10 12:11:22 2024
# Process ID: 7524
# Current directory: C:/Users/NTH417/EnigmaFPGA_ChipsChips/scripts
# Command line: vivado.exe -gui_launcher_event rodinguilauncherevent6232 C:\Users\NTH417\EnigmaFPGA_ChipsChips\scripts\project_4.xpr
# Log file: C:/Users/NTH417/EnigmaFPGA_ChipsChips/scripts/vivado.log
# Journal file: C:/Users/NTH417/EnigmaFPGA_ChipsChips/scripts\vivado.jou
#-----------------------------------------------------------
Sourcing tcl script 'C:/Xilinx/Vivado/2018.3/scripts/Vivado_init.tcl'
start_gui
open_project C:/Users/NTH417/EnigmaFPGA_ChipsChips/scripts/project_4.xpr
WARNING: [Board 49-91] Board repository path 'C:XilinxVivadooard_files' does not exist, it will not be used to search board files.
INFO: [Project 1-313] Project file moved from 'C:/Users/NTH417/Desktop/project_4' since last save.
CRITICAL WARNING: [Project 1-19] Could not find the file 'C:/Users/NTH417/Downloads/Nexys-A7-100T-Master-1.xdc'.
Scanning sources...
Finished scanning sources
INFO: [filemgmt 56-1] IPUserFilesDir: Directory not found as 'C:/Users/NTH417/EnigmaFPGA_ChipsChips/scripts/project_4.ip_user_files'; using path 'C:/Users/NTH417/Desktop/project_4/project_4.ip_user_files' instead.
INFO: [IP_Flow 19-234] Refreshing IP repositories
INFO: [IP_Flow 19-1704] No user IP repositories specified
INFO: [IP_Flow 19-2313] Loaded Vivado IP repository 'C:/Xilinx/Vivado/2018.3/data/ip'.
update_compile_order -fileset sources_1
